0 info it worked if it ends with ok
1 verbose cli [ 'D:\\Program Files\\nodejs\\node.exe',
1 verbose cli   'D:\\Program Files\\nodejs\\node_modules\\npm\\bin\\npm-cli.js',
1 verbose cli   'start' ]
2 info using npm@3.10.8
3 info using node@v6.8.0
4 verbose run-script [ 'prestart', 'start', 'poststart' ]
5 info lifecycle SimpleAuth@0.0.1~prestart: SimpleAuth@0.0.1
6 silly lifecycle SimpleAuth@0.0.1~prestart: no script for prestart, continuing
7 info lifecycle SimpleAuth@0.0.1~start: SimpleAuth@0.0.1
8 verbose lifecycle SimpleAuth@0.0.1~start: unsafe-perm in lifecycle true
9 verbose lifecycle SimpleAuth@0.0.1~start: PATH: D:\Program Files\nodejs\node_modules\npm\bin\node-gyp-bin;C:\Users\Sondre\WebstormProjects\Simple-Authentication\node_modules\.bin;C:\Users\Sondre\AppData\Roaming\npm;D:\Program Files\nodejs\;C:\Program Files (x86)\NVIDIA Corporation\PhysX\Common;C:\ProgramData\Oracle\Java\javapath;c:\windows\system32;c:\windows;c:\windows\system32\wbem;c:\windows\system32\windowspowershell\v1.0\;c:\program files (x86)\windows live\shared;c:\program files (x86)\ati technologies\ati.ace\core-static;c:\program files (x86)\skype\phone\;C:\Program Files (x86)\AMD\ATI.ACE\Core-Static;C:\WINDOWS\system32;C:\WINDOWS;C:\WINDOWS\System32\Wbem;C:\WINDOWS\System32\WindowsPowerShell\v1.0\;C:\Program Files (x86)\ATI Technologies\ATI.ACE\Core-Static;C:\Program Files (x86)\GtkSharp\2.12\bin;D:\Program Files\MiKTeX 2.9\miktex\bin\x64\;D:\Program Files\Git\cmd;C:\WINDOWS\system32;C:\WINDOWS;C:\WINDOWS\System32\Wbem;C:\WINDOWS\System32\WindowsPowerShell\v1.0\;D:\Program Files\nodejs\;C:\Users\Sondre\AppData\Local\Microsoft\WindowsApps;C:\Users\Sondre\AppData\Roaming\npm
10 verbose lifecycle SimpleAuth@0.0.1~start: CWD: C:\Users\Sondre\WebstormProjects\Simple-Authentication
11 silly lifecycle SimpleAuth@0.0.1~start: Args: [ '/d /s /c', 'nodemon app.js' ]
12 verbose stack Error: kill ENOSYS
12 verbose stack     at exports._errnoException (util.js:1026:11)
12 verbose stack     at process.kill (internal/process.js:172:13)
12 verbose stack     at process.listener (D:\Program Files\nodejs\node_modules\npm\node_modules\npmlog\node_modules\gauge\node_modules\signal-exit\index.js:86:15)
12 verbose stack     at emitNone (events.js:91:20)
12 verbose stack     at process.emit (events.js:185:7)
12 verbose stack     at processEmit (D:\Program Files\nodejs\node_modules\npm\node_modules\npmlog\node_modules\gauge\node_modules\signal-exit\index.js:146:32)
12 verbose stack     at processEmit (D:\Program Files\nodejs\node_modules\npm\node_modules\npm-registry-client\node_modules\npmlog\node_modules\gauge\node_modules\signal-exit\index.js:146:32)
12 verbose stack     at Signal.wrap.onsignal (internal/process.js:199:44)
13 verbose cwd C:\Users\Sondre\WebstormProjects\Simple-Authentication
14 error Windows_NT 10.0.14393
15 error argv "D:\\Program Files\\nodejs\\node.exe" "D:\\Program Files\\nodejs\\node_modules\\npm\\bin\\npm-cli.js" "start"
16 error node v6.8.0
17 error npm  v3.10.8
18 error code ENOSYS
19 error errno ENOSYS
20 error syscall kill
21 error kill ENOSYS
22 error If you need help, you may report this error at:
22 error     <https://github.com/npm/npm/issues>
23 verbose exit [ 1, true ]
